find_header: checking for sqlite3.h... -------------------- yes

"cc -o conftest -I/Users/bemathis/.rbenv/versions/2.0.0-p0/include/ruby-2.0.0/x86_64-darwin12.2.1 -I/Users/bemathis/.rbenv/versions/2.0.0-p0/include/ruby-2.0.0/ruby/backward -I/Users/bemathis/.rbenv/versions/2.0.0-p0/include/ruby-2.0.0 -I. -I'/Users/bemathis/.rbenv/versions/2.0.0-p0/include'  -D_XOPEN_SOURCE -D_DARWIN_C_SOURCE -D_DARWIN_UNLIMITED_SELECT -D_REENTRANT    -O3 -ggdb -Wall -Wextra -Wno-unused-parameter -Wno-parentheses -Wno-long-long -Wno-missing-field-initializers -Wunused-variable -Wpointer-arith -Wwrite-strings -Wdeclaration-after-statement -Wshorten-64-to-32 -Wimplicit-function-declaration  -pipe conftest.c  -L. -L/Users/bemathis/.rbenv/versions/2.0.0-p0/lib -L. -L'/Users/bemathis/.rbenv/versions/2.0.0-p0/lib'      -lruby-static  -lpthread -ldl -lobjc "
checked program was:
/* begin */
1: #include "ruby.h"
2: 
3: int main(void) {return 0;}
/* end */

"cc -E -I/Users/bemathis/.rbenv/versions/2.0.0-p0/include/ruby-2.0.0/x86_64-darwin12.2.1 -I/Users/bemathis/.rbenv/versions/2.0.0-p0/include/ruby-2.0.0/ruby/backward -I/Users/bemathis/.rbenv/versions/2.0.0-p0/include/ruby-2.0.0 -I. -I'/Users/bemathis/.rbenv/versions/2.0.0-p0/include'  -D_XOPEN_SOURCE -D_DARWIN_C_SOURCE -D_DARWIN_UNLIMITED_SELECT -D_REENTRANT    -O3 -ggdb -Wall -Wextra -Wno-unused-parameter -Wno-parentheses -Wno-long-long -Wno-missing-field-initializers -Wunused-variable -Wpointer-arith -Wwrite-strings -Wdeclaration-after-statement -Wshorten-64-to-32 -Wimplicit-function-declaration  -pipe  conftest.c -o conftest.i"
checked program was:
/* begin */
1: #include "ruby.h"
2: 
3: #include <sqlite3.h>
/* end */

--------------------

find_library: checking for sqlite3_libversion_number()... -------------------- -lsqlite3

"cc -o conftest -I/Users/bemathis/.rbenv/versions/2.0.0-p0/include/ruby-2.0.0/x86_64-darwin12.2.1 -I/Users/bemathis/.rbenv/versions/2.0.0-p0/include/ruby-2.0.0/ruby/backward -I/Users/bemathis/.rbenv/versions/2.0.0-p0/include/ruby-2.0.0 -I. -I'/Users/bemathis/.rbenv/versions/2.0.0-p0/include'  -D_XOPEN_SOURCE -D_DARWIN_C_SOURCE -D_DARWIN_UNLIMITED_SELECT -D_REENTRANT    -O3 -ggdb -Wall -Wextra -Wno-unused-parameter -Wno-parentheses -Wno-long-long -Wno-missing-field-initializers -Wunused-variable -Wpointer-arith -Wwrite-strings -Wdeclaration-after-statement -Wshorten-64-to-32 -Wimplicit-function-declaration  -pipe conftest.c  -L. -L/Users/bemathis/.rbenv/versions/2.0.0-p0/lib -L. -L'/Users/bemathis/.rbenv/versions/2.0.0-p0/lib'      -lruby-static -lsqlite3  -lpthread -ldl -lobjc "
conftest.c:6:57: error: use of undeclared identifier 'sqlite3_libversion_number'
int t(void) { void ((*volatile p)()); p = (void ((*)()))sqlite3_libversion_number; return 0; }
                                                        ^
1 error generated.
checked program was:
/* begin */
1: #include "ruby.h"
2: 
3: /*top*/
4: int main(void) {return 0;}
5: extern int t(void);
6: int t(void) { void ((*volatile p)()); p = (void ((*)()))sqlite3_libversion_number; return 0; }
/* end */

"cc -o conftest -I/Users/bemathis/.rbenv/versions/2.0.0-p0/include/ruby-2.0.0/x86_64-darwin12.2.1 -I/Users/bemathis/.rbenv/versions/2.0.0-p0/include/ruby-2.0.0/ruby/backward -I/Users/bemathis/.rbenv/versions/2.0.0-p0/include/ruby-2.0.0 -I. -I'/Users/bemathis/.rbenv/versions/2.0.0-p0/include'  -D_XOPEN_SOURCE -D_DARWIN_C_SOURCE -D_DARWIN_UNLIMITED_SELECT -D_REENTRANT    -O3 -ggdb -Wall -Wextra -Wno-unused-parameter -Wno-parentheses -Wno-long-long -Wno-missing-field-initializers -Wunused-variable -Wpointer-arith -Wwrite-strings -Wdeclaration-after-statement -Wshorten-64-to-32 -Wimplicit-function-declaration  -pipe conftest.c  -L. -L/Users/bemathis/.rbenv/versions/2.0.0-p0/lib -L. -L'/Users/bemathis/.rbenv/versions/2.0.0-p0/lib'      -lruby-static -lsqlite3  -lpthread -ldl -lobjc "
conftest.c:6:15: warning: implicit declaration of function 'sqlite3_libversion_number' is invalid in C99 [-Wimplicit-function-declaration]
int t(void) { sqlite3_libversion_number(); return 0; }
              ^
1 warning generated.
checked program was:
/* begin */
1: #include "ruby.h"
2: 
3: /*top*/
4: int main(void) {return 0;}
5: extern int t(void);
6: int t(void) { sqlite3_libversion_number(); return 0; }
/* end */

--------------------

have_func: checking for rb_proc_arity()... -------------------- yes

"cc -o conftest -I/Users/bemathis/.rbenv/versions/2.0.0-p0/include/ruby-2.0.0/x86_64-darwin12.2.1 -I/Users/bemathis/.rbenv/versions/2.0.0-p0/include/ruby-2.0.0/ruby/backward -I/Users/bemathis/.rbenv/versions/2.0.0-p0/include/ruby-2.0.0 -I. -I'/Users/bemathis/.rbenv/versions/2.0.0-p0/include'  -D_XOPEN_SOURCE -D_DARWIN_C_SOURCE -D_DARWIN_UNLIMITED_SELECT -D_REENTRANT    -O3 -ggdb -Wall -Wextra -Wno-unused-parameter -Wno-parentheses -Wno-long-long -Wno-missing-field-initializers -Wunused-variable -Wpointer-arith -Wwrite-strings -Wdeclaration-after-statement -Wshorten-64-to-32 -Wimplicit-function-declaration  -pipe conftest.c  -L. -L/Users/bemathis/.rbenv/versions/2.0.0-p0/lib -L. -L'/Users/bemathis/.rbenv/versions/2.0.0-p0/lib'     -lsqlite3  -lruby-static -lsqlite3  -lpthread -ldl -lobjc "
checked program was:
/* begin */
1: #include "ruby.h"
2: 
3: /*top*/
4: int main(void) {return 0;}
5: extern int t(void);
6: int t(void) { void ((*volatile p)()); p = (void ((*)()))rb_proc_arity; return 0; }
/* end */

--------------------

have_func: checking for sqlite3_initialize()... -------------------- yes

"cc -o conftest -I/Users/bemathis/.rbenv/versions/2.0.0-p0/include/ruby-2.0.0/x86_64-darwin12.2.1 -I/Users/bemathis/.rbenv/versions/2.0.0-p0/include/ruby-2.0.0/ruby/backward -I/Users/bemathis/.rbenv/versions/2.0.0-p0/include/ruby-2.0.0 -I. -I'/Users/bemathis/.rbenv/versions/2.0.0-p0/include'  -D_XOPEN_SOURCE -D_DARWIN_C_SOURCE -D_DARWIN_UNLIMITED_SELECT -D_REENTRANT    -O3 -ggdb -Wall -Wextra -Wno-unused-parameter -Wno-parentheses -Wno-long-long -Wno-missing-field-initializers -Wunused-variable -Wpointer-arith -Wwrite-strings -Wdeclaration-after-statement -Wshorten-64-to-32 -Wimplicit-function-declaration  -pipe conftest.c  -L. -L/Users/bemathis/.rbenv/versions/2.0.0-p0/lib -L. -L'/Users/bemathis/.rbenv/versions/2.0.0-p0/lib'     -lsqlite3  -lruby-static -lsqlite3  -lpthread -ldl -lobjc "
conftest.c:6:57: error: use of undeclared identifier 'sqlite3_initialize'
int t(void) { void ((*volatile p)()); p = (void ((*)()))sqlite3_initialize; return 0; }
                                                        ^
1 error generated.
checked program was:
/* begin */
1: #include "ruby.h"
2: 
3: /*top*/
4: int main(void) {return 0;}
5: extern int t(void);
6: int t(void) { void ((*volatile p)()); p = (void ((*)()))sqlite3_initialize; return 0; }
/* end */

"cc -o conftest -I/Users/bemathis/.rbenv/versions/2.0.0-p0/include/ruby-2.0.0/x86_64-darwin12.2.1 -I/Users/bemathis/.rbenv/versions/2.0.0-p0/include/ruby-2.0.0/ruby/backward -I/Users/bemathis/.rbenv/versions/2.0.0-p0/include/ruby-2.0.0 -I. -I'/Users/bemathis/.rbenv/versions/2.0.0-p0/include'  -D_XOPEN_SOURCE -D_DARWIN_C_SOURCE -D_DARWIN_UNLIMITED_SELECT -D_REENTRANT    -O3 -ggdb -Wall -Wextra -Wno-unused-parameter -Wno-parentheses -Wno-long-long -Wno-missing-field-initializers -Wunused-variable -Wpointer-arith -Wwrite-strings -Wdeclaration-after-statement -Wshorten-64-to-32 -Wimplicit-function-declaration  -pipe conftest.c  -L. -L/Users/bemathis/.rbenv/versions/2.0.0-p0/lib -L. -L'/Users/bemathis/.rbenv/versions/2.0.0-p0/lib'     -lsqlite3  -lruby-static -lsqlite3  -lpthread -ldl -lobjc "
conftest.c:6:15: warning: implicit declaration of function 'sqlite3_initialize' is invalid in C99 [-Wimplicit-function-declaration]
int t(void) { sqlite3_initialize(); return 0; }
              ^
1 warning generated.
checked program was:
/* begin */
1: #include "ruby.h"
2: 
3: /*top*/
4: int main(void) {return 0;}
5: extern int t(void);
6: int t(void) { sqlite3_initialize(); return 0; }
/* end */

--------------------

have_func: checking for sqlite3_backup_init()... -------------------- yes

"cc -o conftest -I/Users/bemathis/.rbenv/versions/2.0.0-p0/include/ruby-2.0.0/x86_64-darwin12.2.1 -I/Users/bemathis/.rbenv/versions/2.0.0-p0/include/ruby-2.0.0/ruby/backward -I/Users/bemathis/.rbenv/versions/2.0.0-p0/include/ruby-2.0.0 -I. -I'/Users/bemathis/.rbenv/versions/2.0.0-p0/include'  -D_XOPEN_SOURCE -D_DARWIN_C_SOURCE -D_DARWIN_UNLIMITED_SELECT -D_REENTRANT    -O3 -ggdb -Wall -Wextra -Wno-unused-parameter -Wno-parentheses -Wno-long-long -Wno-missing-field-initializers -Wunused-variable -Wpointer-arith -Wwrite-strings -Wdeclaration-after-statement -Wshorten-64-to-32 -Wimplicit-function-declaration  -pipe conftest.c  -L. -L/Users/bemathis/.rbenv/versions/2.0.0-p0/lib -L. -L'/Users/bemathis/.rbenv/versions/2.0.0-p0/lib'     -lsqlite3  -lruby-static -lsqlite3  -lpthread -ldl -lobjc "
conftest.c:6:57: error: use of undeclared identifier 'sqlite3_backup_init'
int t(void) { void ((*volatile p)()); p = (void ((*)()))sqlite3_backup_init; return 0; }
                                                        ^
1 error generated.
checked program was:
/* begin */
1: #include "ruby.h"
2: 
3: /*top*/
4: int main(void) {return 0;}
5: extern int t(void);
6: int t(void) { void ((*volatile p)()); p = (void ((*)()))sqlite3_backup_init; return 0; }
/* end */

"cc -o conftest -I/Users/bemathis/.rbenv/versions/2.0.0-p0/include/ruby-2.0.0/x86_64-darwin12.2.1 -I/Users/bemathis/.rbenv/versions/2.0.0-p0/include/ruby-2.0.0/ruby/backward -I/Users/bemathis/.rbenv/versions/2.0.0-p0/include/ruby-2.0.0 -I. -I'/Users/bemathis/.rbenv/versions/2.0.0-p0/include'  -D_XOPEN_SOURCE -D_DARWIN_C_SOURCE -D_DARWIN_UNLIMITED_SELECT -D_REENTRANT    -O3 -ggdb -Wall -Wextra -Wno-unused-parameter -Wno-parentheses -Wno-long-long -Wno-missing-field-initializers -Wunused-variable -Wpointer-arith -Wwrite-strings -Wdeclaration-after-statement -Wshorten-64-to-32 -Wimplicit-function-declaration  -pipe conftest.c  -L. -L/Users/bemathis/.rbenv/versions/2.0.0-p0/lib -L. -L'/Users/bemathis/.rbenv/versions/2.0.0-p0/lib'     -lsqlite3  -lruby-static -lsqlite3  -lpthread -ldl -lobjc "
conftest.c:6:15: warning: implicit declaration of function 'sqlite3_backup_init' is invalid in C99 [-Wimplicit-function-declaration]
int t(void) { sqlite3_backup_init(); return 0; }
              ^
1 warning generated.
checked program was:
/* begin */
1: #include "ruby.h"
2: 
3: /*top*/
4: int main(void) {return 0;}
5: extern int t(void);
6: int t(void) { sqlite3_backup_init(); return 0; }
/* end */

--------------------

have_func: checking for sqlite3_column_database_name()... -------------------- no

"cc -o conftest -I/Users/bemathis/.rbenv/versions/2.0.0-p0/include/ruby-2.0.0/x86_64-darwin12.2.1 -I/Users/bemathis/.rbenv/versions/2.0.0-p0/include/ruby-2.0.0/ruby/backward -I/Users/bemathis/.rbenv/versions/2.0.0-p0/include/ruby-2.0.0 -I. -I'/Users/bemathis/.rbenv/versions/2.0.0-p0/include'  -D_XOPEN_SOURCE -D_DARWIN_C_SOURCE -D_DARWIN_UNLIMITED_SELECT -D_REENTRANT    -O3 -ggdb -Wall -Wextra -Wno-unused-parameter -Wno-parentheses -Wno-long-long -Wno-missing-field-initializers -Wunused-variable -Wpointer-arith -Wwrite-strings -Wdeclaration-after-statement -Wshorten-64-to-32 -Wimplicit-function-declaration  -pipe conftest.c  -L. -L/Users/bemathis/.rbenv/versions/2.0.0-p0/lib -L. -L'/Users/bemathis/.rbenv/versions/2.0.0-p0/lib'     -lsqlite3  -lruby-static -lsqlite3  -lpthread -ldl -lobjc "
conftest.c:6:57: error: use of undeclared identifier 'sqlite3_column_database_name'
int t(void) { void ((*volatile p)()); p = (void ((*)()))sqlite3_column_database_name; return 0; }
                                                        ^
1 error generated.
checked program was:
/* begin */
1: #include "ruby.h"
2: 
3: /*top*/
4: int main(void) {return 0;}
5: extern int t(void);
6: int t(void) { void ((*volatile p)()); p = (void ((*)()))sqlite3_column_database_name; return 0; }
/* end */

"cc -o conftest -I/Users/bemathis/.rbenv/versions/2.0.0-p0/include/ruby-2.0.0/x86_64-darwin12.2.1 -I/Users/bemathis/.rbenv/versions/2.0.0-p0/include/ruby-2.0.0/ruby/backward -I/Users/bemathis/.rbenv/versions/2.0.0-p0/include/ruby-2.0.0 -I. -I'/Users/bemathis/.rbenv/versions/2.0.0-p0/include'  -D_XOPEN_SOURCE -D_DARWIN_C_SOURCE -D_DARWIN_UNLIMITED_SELECT -D_REENTRANT    -O3 -ggdb -Wall -Wextra -Wno-unused-parameter -Wno-parentheses -Wno-long-long -Wno-missing-field-initializers -Wunused-variable -Wpointer-arith -Wwrite-strings -Wdeclaration-after-statement -Wshorten-64-to-32 -Wimplicit-function-declaration  -pipe conftest.c  -L. -L/Users/bemathis/.rbenv/versions/2.0.0-p0/lib -L. -L'/Users/bemathis/.rbenv/versions/2.0.0-p0/lib'     -lsqlite3  -lruby-static -lsqlite3  -lpthread -ldl -lobjc "
conftest.c:6:15: warning: implicit declaration of function 'sqlite3_column_database_name' is invalid in C99 [-Wimplicit-function-declaration]
int t(void) { sqlite3_column_database_name(); return 0; }
              ^
1 warning generated.
Undefined symbols for architecture x86_64:
  "_sqlite3_column_database_name", referenced from:
      _t in conftest-d2UMdo.o
ld: symbol(s) not found for architecture x86_64
clang: error: linker command failed with exit code 1 (use -v to see invocation)
checked program was:
/* begin */
1: #include "ruby.h"
2: 
3: /*top*/
4: int main(void) {return 0;}
5: extern int t(void);
6: int t(void) { sqlite3_column_database_name(); return 0; }
/* end */

--------------------

have_func: checking for sqlite3_enable_load_extension()... -------------------- no

"cc -o conftest -I/Users/bemathis/.rbenv/versions/2.0.0-p0/include/ruby-2.0.0/x86_64-darwin12.2.1 -I/Users/bemathis/.rbenv/versions/2.0.0-p0/include/ruby-2.0.0/ruby/backward -I/Users/bemathis/.rbenv/versions/2.0.0-p0/include/ruby-2.0.0 -I. -I'/Users/bemathis/.rbenv/versions/2.0.0-p0/include'  -D_XOPEN_SOURCE -D_DARWIN_C_SOURCE -D_DARWIN_UNLIMITED_SELECT -D_REENTRANT    -O3 -ggdb -Wall -Wextra -Wno-unused-parameter -Wno-parentheses -Wno-long-long -Wno-missing-field-initializers -Wunused-variable -Wpointer-arith -Wwrite-strings -Wdeclaration-after-statement -Wshorten-64-to-32 -Wimplicit-function-declaration  -pipe conftest.c  -L. -L/Users/bemathis/.rbenv/versions/2.0.0-p0/lib -L. -L'/Users/bemathis/.rbenv/versions/2.0.0-p0/lib'     -lsqlite3  -lruby-static -lsqlite3  -lpthread -ldl -lobjc "
conftest.c:6:57: error: use of undeclared identifier 'sqlite3_enable_load_extension'
int t(void) { void ((*volatile p)()); p = (void ((*)()))sqlite3_enable_load_extension; return 0; }
                                                        ^
1 error generated.
checked program was:
/* begin */
1: #include "ruby.h"
2: 
3: /*top*/
4: int main(void) {return 0;}
5: extern int t(void);
6: int t(void) { void ((*volatile p)()); p = (void ((*)()))sqlite3_enable_load_extension; return 0; }
/* end */

"cc -o conftest -I/Users/bemathis/.rbenv/versions/2.0.0-p0/include/ruby-2.0.0/x86_64-darwin12.2.1 -I/Users/bemathis/.rbenv/versions/2.0.0-p0/include/ruby-2.0.0/ruby/backward -I/Users/bemathis/.rbenv/versions/2.0.0-p0/include/ruby-2.0.0 -I. -I'/Users/bemathis/.rbenv/versions/2.0.0-p0/include'  -D_XOPEN_SOURCE -D_DARWIN_C_SOURCE -D_DARWIN_UNLIMITED_SELECT -D_REENTRANT    -O3 -ggdb -Wall -Wextra -Wno-unused-parameter -Wno-parentheses -Wno-long-long -Wno-missing-field-initializers -Wunused-variable -Wpointer-arith -Wwrite-strings -Wdeclaration-after-statement -Wshorten-64-to-32 -Wimplicit-function-declaration  -pipe conftest.c  -L. -L/Users/bemathis/.rbenv/versions/2.0.0-p0/lib -L. -L'/Users/bemathis/.rbenv/versions/2.0.0-p0/lib'     -lsqlite3  -lruby-static -lsqlite3  -lpthread -ldl -lobjc "
conftest.c:6:15: warning: implicit declaration of function 'sqlite3_enable_load_extension' is invalid in C99 [-Wimplicit-function-declaration]
int t(void) { sqlite3_enable_load_extension(); return 0; }
              ^
1 warning generated.
Undefined symbols for architecture x86_64:
  "_sqlite3_enable_load_extension", referenced from:
      _t in conftest-EsY0N4.o
ld: symbol(s) not found for architecture x86_64
clang: error: linker command failed with exit code 1 (use -v to see invocation)
checked program was:
/* begin */
1: #include "ruby.h"
2: 
3: /*top*/
4: int main(void) {return 0;}
5: extern int t(void);
6: int t(void) { sqlite3_enable_load_extension(); return 0; }
/* end */

--------------------

have_func: checking for sqlite3_load_extension()... -------------------- no

"cc -o conftest -I/Users/bemathis/.rbenv/versions/2.0.0-p0/include/ruby-2.0.0/x86_64-darwin12.2.1 -I/Users/bemathis/.rbenv/versions/2.0.0-p0/include/ruby-2.0.0/ruby/backward -I/Users/bemathis/.rbenv/versions/2.0.0-p0/include/ruby-2.0.0 -I. -I'/Users/bemathis/.rbenv/versions/2.0.0-p0/include'  -D_XOPEN_SOURCE -D_DARWIN_C_SOURCE -D_DARWIN_UNLIMITED_SELECT -D_REENTRANT    -O3 -ggdb -Wall -Wextra -Wno-unused-parameter -Wno-parentheses -Wno-long-long -Wno-missing-field-initializers -Wunused-variable -Wpointer-arith -Wwrite-strings -Wdeclaration-after-statement -Wshorten-64-to-32 -Wimplicit-function-declaration  -pipe conftest.c  -L. -L/Users/bemathis/.rbenv/versions/2.0.0-p0/lib -L. -L'/Users/bemathis/.rbenv/versions/2.0.0-p0/lib'     -lsqlite3  -lruby-static -lsqlite3  -lpthread -ldl -lobjc "
conftest.c:6:57: error: use of undeclared identifier 'sqlite3_load_extension'
int t(void) { void ((*volatile p)()); p = (void ((*)()))sqlite3_load_extension; return 0; }
                                                        ^
1 error generated.
checked program was:
/* begin */
1: #include "ruby.h"
2: 
3: /*top*/
4: int main(void) {return 0;}
5: extern int t(void);
6: int t(void) { void ((*volatile p)()); p = (void ((*)()))sqlite3_load_extension; return 0; }
/* end */

"cc -o conftest -I/Users/bemathis/.rbenv/versions/2.0.0-p0/include/ruby-2.0.0/x86_64-darwin12.2.1 -I/Users/bemathis/.rbenv/versions/2.0.0-p0/include/ruby-2.0.0/ruby/backward -I/Users/bemathis/.rbenv/versions/2.0.0-p0/include/ruby-2.0.0 -I. -I'/Users/bemathis/.rbenv/versions/2.0.0-p0/include'  -D_XOPEN_SOURCE -D_DARWIN_C_SOURCE -D_DARWIN_UNLIMITED_SELECT -D_REENTRANT    -O3 -ggdb -Wall -Wextra -Wno-unused-parameter -Wno-parentheses -Wno-long-long -Wno-missing-field-initializers -Wunused-variable -Wpointer-arith -Wwrite-strings -Wdeclaration-after-statement -Wshorten-64-to-32 -Wimplicit-function-declaration  -pipe conftest.c  -L. -L/Users/bemathis/.rbenv/versions/2.0.0-p0/lib -L. -L'/Users/bemathis/.rbenv/versions/2.0.0-p0/lib'     -lsqlite3  -lruby-static -lsqlite3  -lpthread -ldl -lobjc "
conftest.c:6:15: warning: implicit declaration of function 'sqlite3_load_extension' is invalid in C99 [-Wimplicit-function-declaration]
int t(void) { sqlite3_load_extension(); return 0; }
              ^
1 warning generated.
Undefined symbols for architecture x86_64:
  "_sqlite3_load_extension", referenced from:
      _t in conftest-0Ofkly.o
ld: symbol(s) not found for architecture x86_64
clang: error: linker command failed with exit code 1 (use -v to see invocation)
checked program was:
/* begin */
1: #include "ruby.h"
2: 
3: /*top*/
4: int main(void) {return 0;}
5: extern int t(void);
6: int t(void) { sqlite3_load_extension(); return 0; }
/* end */

--------------------

have_func: checking for sqlite3_open_v2()... -------------------- yes

"cc -o conftest -I/Users/bemathis/.rbenv/versions/2.0.0-p0/include/ruby-2.0.0/x86_64-darwin12.2.1 -I/Users/bemathis/.rbenv/versions/2.0.0-p0/include/ruby-2.0.0/ruby/backward -I/Users/bemathis/.rbenv/versions/2.0.0-p0/include/ruby-2.0.0 -I. -I'/Users/bemathis/.rbenv/versions/2.0.0-p0/include'  -D_XOPEN_SOURCE -D_DARWIN_C_SOURCE -D_DARWIN_UNLIMITED_SELECT -D_REENTRANT    -O3 -ggdb -Wall -Wextra -Wno-unused-parameter -Wno-parentheses -Wno-long-long -Wno-missing-field-initializers -Wunused-variable -Wpointer-arith -Wwrite-strings -Wdeclaration-after-statement -Wshorten-64-to-32 -Wimplicit-function-declaration  -pipe conftest.c  -L. -L/Users/bemathis/.rbenv/versions/2.0.0-p0/lib -L. -L'/Users/bemathis/.rbenv/versions/2.0.0-p0/lib'     -lsqlite3  -lruby-static -lsqlite3  -lpthread -ldl -lobjc "
conftest.c:6:57: error: use of undeclared identifier 'sqlite3_open_v2'
int t(void) { void ((*volatile p)()); p = (void ((*)()))sqlite3_open_v2; return 0; }
                                                        ^
1 error generated.
checked program was:
/* begin */
1: #include "ruby.h"
2: 
3: /*top*/
4: int main(void) {return 0;}
5: extern int t(void);
6: int t(void) { void ((*volatile p)()); p = (void ((*)()))sqlite3_open_v2; return 0; }
/* end */

"cc -o conftest -I/Users/bemathis/.rbenv/versions/2.0.0-p0/include/ruby-2.0.0/x86_64-darwin12.2.1 -I/Users/bemathis/.rbenv/versions/2.0.0-p0/include/ruby-2.0.0/ruby/backward -I/Users/bemathis/.rbenv/versions/2.0.0-p0/include/ruby-2.0.0 -I. -I'/Users/bemathis/.rbenv/versions/2.0.0-p0/include'  -D_XOPEN_SOURCE -D_DARWIN_C_SOURCE -D_DARWIN_UNLIMITED_SELECT -D_REENTRANT    -O3 -ggdb -Wall -Wextra -Wno-unused-parameter -Wno-parentheses -Wno-long-long -Wno-missing-field-initializers -Wunused-variable -Wpointer-arith -Wwrite-strings -Wdeclaration-after-statement -Wshorten-64-to-32 -Wimplicit-function-declaration  -pipe conftest.c  -L. -L/Users/bemathis/.rbenv/versions/2.0.0-p0/lib -L. -L'/Users/bemathis/.rbenv/versions/2.0.0-p0/lib'     -lsqlite3  -lruby-static -lsqlite3  -lpthread -ldl -lobjc "
conftest.c:6:15: warning: implicit declaration of function 'sqlite3_open_v2' is invalid in C99 [-Wimplicit-function-declaration]
int t(void) { sqlite3_open_v2(); return 0; }
              ^
1 warning generated.
checked program was:
/* begin */
1: #include "ruby.h"
2: 
3: /*top*/
4: int main(void) {return 0;}
5: extern int t(void);
6: int t(void) { sqlite3_open_v2(); return 0; }
/* end */

--------------------

have_func: checking for sqlite3_prepare_v2()... -------------------- yes

"cc -o conftest -I/Users/bemathis/.rbenv/versions/2.0.0-p0/include/ruby-2.0.0/x86_64-darwin12.2.1 -I/Users/bemathis/.rbenv/versions/2.0.0-p0/include/ruby-2.0.0/ruby/backward -I/Users/bemathis/.rbenv/versions/2.0.0-p0/include/ruby-2.0.0 -I. -I'/Users/bemathis/.rbenv/versions/2.0.0-p0/include'  -D_XOPEN_SOURCE -D_DARWIN_C_SOURCE -D_DARWIN_UNLIMITED_SELECT -D_REENTRANT    -O3 -ggdb -Wall -Wextra -Wno-unused-parameter -Wno-parentheses -Wno-long-long -Wno-missing-field-initializers -Wunused-variable -Wpointer-arith -Wwrite-strings -Wdeclaration-after-statement -Wshorten-64-to-32 -Wimplicit-function-declaration  -pipe conftest.c  -L. -L/Users/bemathis/.rbenv/versions/2.0.0-p0/lib -L. -L'/Users/bemathis/.rbenv/versions/2.0.0-p0/lib'     -lsqlite3  -lruby-static -lsqlite3  -lpthread -ldl -lobjc "
conftest.c:6:57: error: use of undeclared identifier 'sqlite3_prepare_v2'
int t(void) { void ((*volatile p)()); p = (void ((*)()))sqlite3_prepare_v2; return 0; }
                                                        ^
1 error generated.
checked program was:
/* begin */
1: #include "ruby.h"
2: 
3: /*top*/
4: int main(void) {return 0;}
5: extern int t(void);
6: int t(void) { void ((*volatile p)()); p = (void ((*)()))sqlite3_prepare_v2; return 0; }
/* end */

"cc -o conftest -I/Users/bemathis/.rbenv/versions/2.0.0-p0/include/ruby-2.0.0/x86_64-darwin12.2.1 -I/Users/bemathis/.rbenv/versions/2.0.0-p0/include/ruby-2.0.0/ruby/backward -I/Users/bemathis/.rbenv/versions/2.0.0-p0/include/ruby-2.0.0 -I. -I'/Users/bemathis/.rbenv/versions/2.0.0-p0/include'  -D_XOPEN_SOURCE -D_DARWIN_C_SOURCE -D_DARWIN_UNLIMITED_SELECT -D_REENTRANT    -O3 -ggdb -Wall -Wextra -Wno-unused-parameter -Wno-parentheses -Wno-long-long -Wno-missing-field-initializers -Wunused-variable -Wpointer-arith -Wwrite-strings -Wdeclaration-after-statement -Wshorten-64-to-32 -Wimplicit-function-declaration  -pipe conftest.c  -L. -L/Users/bemathis/.rbenv/versions/2.0.0-p0/lib -L. -L'/Users/bemathis/.rbenv/versions/2.0.0-p0/lib'     -lsqlite3  -lruby-static -lsqlite3  -lpthread -ldl -lobjc "
conftest.c:6:15: warning: implicit declaration of function 'sqlite3_prepare_v2' is invalid in C99 [-Wimplicit-function-declaration]
int t(void) { sqlite3_prepare_v2(); return 0; }
              ^
1 warning generated.
checked program was:
/* begin */
1: #include "ruby.h"
2: 
3: /*top*/
4: int main(void) {return 0;}
5: extern int t(void);
6: int t(void) { sqlite3_prepare_v2(); return 0; }
/* end */

--------------------

have_type: checking for sqlite3_int64 in sqlite3.h... -------------------- yes

"cc -I/Users/bemathis/.rbenv/versions/2.0.0-p0/include/ruby-2.0.0/x86_64-darwin12.2.1 -I/Users/bemathis/.rbenv/versions/2.0.0-p0/include/ruby-2.0.0/ruby/backward -I/Users/bemathis/.rbenv/versions/2.0.0-p0/include/ruby-2.0.0 -I. -I'/Users/bemathis/.rbenv/versions/2.0.0-p0/include'  -D_XOPEN_SOURCE -D_DARWIN_C_SOURCE -D_DARWIN_UNLIMITED_SELECT -D_REENTRANT    -O3 -ggdb -Wall -Wextra -Wno-unused-parameter -Wno-parentheses -Wno-long-long -Wno-missing-field-initializers -Wunused-variable -Wpointer-arith -Wwrite-strings -Wdeclaration-after-statement -Wshorten-64-to-32 -Wimplicit-function-declaration  -pipe   -c conftest.c"
checked program was:
/* begin */
1: #include "ruby.h"
2: 
3: #include <sqlite3.h>
4: 
5: /*top*/
6: typedef sqlite3_int64 conftest_type;
7: int conftestval[sizeof(conftest_type)?1:-1];
/* end */

--------------------

have_type: checking for sqlite3_uint64 in sqlite3.h... -------------------- yes

"cc -I/Users/bemathis/.rbenv/versions/2.0.0-p0/include/ruby-2.0.0/x86_64-darwin12.2.1 -I/Users/bemathis/.rbenv/versions/2.0.0-p0/include/ruby-2.0.0/ruby/backward -I/Users/bemathis/.rbenv/versions/2.0.0-p0/include/ruby-2.0.0 -I. -I'/Users/bemathis/.rbenv/versions/2.0.0-p0/include'  -D_XOPEN_SOURCE -D_DARWIN_C_SOURCE -D_DARWIN_UNLIMITED_SELECT -D_REENTRANT    -O3 -ggdb -Wall -Wextra -Wno-unused-parameter -Wno-parentheses -Wno-long-long -Wno-missing-field-initializers -Wunused-variable -Wpointer-arith -Wwrite-strings -Wdeclaration-after-statement -Wshorten-64-to-32 -Wimplicit-function-declaration  -pipe   -c conftest.c"
checked program was:
/* begin */
1: #include "ruby.h"
2: 
3: #include <sqlite3.h>
4: 
5: /*top*/
6: typedef sqlite3_uint64 conftest_type;
7: int conftestval[sizeof(conftest_type)?1:-1];
/* end */

--------------------

